[handleMsg]:  {
  key: {
    remoteJid: '5491139189954@s.whatsapp.net',
    fromMe: false,
    id: 'A2F43B863FF9C61FF62A93BA71D58495',
    participant: undefined
  },
  messageTimestamp: 1750764805,
  pushName: 'Asp 3d',
  broadcast: false,
  message: Message {
    conversation: '#LISTAR_GRUPOS#',
    messageContextInfo: MessageContextInfo {
      deviceListMetadata: [DeviceListMetadata],
      deviceListMetadataVersion: 2,
      messageSecret: [Uint8Array]
    }
  },
  body: '#LISTAR_GRUPOS#',
  name: 'Asp 3d',
  from: '5491139189954',
  host: '5491130792789'
}
[QUEUE_SE_ENVIO]:  {
  ref: 'ans_c7cfedd9-5a1a-45dd-96f5-cff972403c05',
  keyword: 'key_4772622c-2b5f-491e-aa56-02ccdc3ee226',
  answer: '__call_action__',
  options: {
    media: undefined,
    buttons: [],
    capture: false,
    delay: 0,
    idle: undefined,
    ref: undefined,
    nested: [],
    keyword: {},
    callback: true
  },
  refSerialize: 'b4baebb4e1f486f18bf8c9d322d4412d'
}
[handleMsg]:  {
  key: {
    remoteJid: '5491139189954@s.whatsapp.net',
    fromMe: false,
    id: '9E4E76AF412A8E083F81F7418E1CE2A8',
    participant: undefined
  },
  messageTimestamp: 1750764922,
  pushName: 'Asp 3d',
  broadcast: false,
  message: Message {
    conversation: '#LISTAR_GRUPOS#',
    messageContextInfo: MessageContextInfo {
      deviceListMetadata: [DeviceListMetadata],
      deviceListMetadataVersion: 2,
      messageSecret: [Uint8Array]
    }
  },
  body: '#LISTAR_GRUPOS#',
  name: 'Asp 3d',
  from: '5491139189954',
  host: '5491130792789'
}
[QUEUE_SE_ENVIO]:  {
  ref: 'ans_c7cfedd9-5a1a-45dd-96f5-cff972403c05',
  keyword: 'key_4772622c-2b5f-491e-aa56-02ccdc3ee226',
  answer: '__call_action__',
  options: {
    media: undefined,
    buttons: [],
    capture: false,
    delay: 0,
    idle: undefined,
    ref: undefined,
    nested: [],
    keyword: {},
    callback: true
  },
  refSerialize: 'b4baebb4e1f486f18bf8c9d322d4412d'
}
